<?xml version="1.0" encoding="UTF-8"?>
<!-- Generated by org.testng.reporters.JUnitXMLReporter -->
<testsuite ignored="2" hostname="DESKTOP-9ON4P11" failures="0" tests="6" name="TestRunner-Edge" time="0.234" errors="0" timestamp="2025-02-19T13:33:16 IST">
  <testcase classname="com.comcast.crm.orgtest.testng.createorgTest2" name="createorgtest" time="0.001">
    <skipped/>
  </testcase> <!-- createorgtest -->
  <testcase classname="com.comcast.crm.orgtest.testng.createorgTest2" name="createorgtestwithIndustryType" time="0.0">
    <skipped/>
  </testcase> <!-- createorgtestwithIndustryType -->
  <testcase classname="com.comcast.crm.orgtest.testng.createorgTest2" name="createorgtestwithPhononumber" time="0.0">
    <skipped/>
  </testcase> <!-- createorgtestwithPhononumber -->
  <testcase classname="com.camcast.crm.contacttest.testng.CreateContactTest2" name="createContactTest2" time="0.0">
    <skipped/>
  </testcase> <!-- createContactTest2 -->
  <testcase classname="com.camcast.crm.contacttest.testng.CreateContactTest2" name="createContactwithOrgTest" time="0.0">
    <skipped/>
  </testcase> <!-- createContactwithOrgTest -->
  <testcase classname="com.camcast.crm.contacttest.testng.CreateContactTest2" name="createContactwithSupportdate" time="0.0">
    <skipped/>
  </testcase> <!-- createContactwithSupportdate -->
  <testcase classname="com_comcast_crm_basetest.BaseClass" name="@AfterSuite configaftersuite" time="0.0">
    <ignored/>
  </testcase> <!-- @AfterSuite configaftersuite -->
  <testcase classname="com_comcast_crm_basetest.BaseClass" name="@BeforeSuite configbeforesuite" time="0.0">
    <ignored/>
  </testcase> <!-- @BeforeSuite configbeforesuite -->
</testsuite> <!-- TestRunner-Edge -->
